This is pdfTeX, Version 3.14159265-2.6-1.40.16 (TeX Live 2015/Arch Linux) (preloaded format=mptopdf 2015.12.19)  19 DEC 2015 04:24
 restricted \write18 enabled.
 %&-line parsing enabled.
**\relax EatAA.2
 (./EatAA.2{/var/lib/texmf/fonts/map/pdftex/updmap/pdftex.map})
[1] 
Here is how much of TeX's memory you used:
 47 strings out of 496714
 396 string characters out of 6201300
 4024982 words of memory out of 9010189
 1699 multiletter control sequences out of 15000+600000
 2163 words of font info for 2 fonts, out of 8000000 for 9000
 0 hyphenation exceptions out of 8191
 10i,3n,7p,119b,249s stack positions out of 5000i,500n,10000p,200000b,80000s
{/usr/share/texmf-dist/fonts/enc/dvips/base/8r.enc}</usr/share/texmf-dist/fo
nts/type1/urw/times/utmr8a.pfb>
Output written on EatAA.pdf (1 page, 17733 bytes).
PDF statistics:
 13 PDF objects out of 1000 (max. 8388607)
 0 named destinations out of 1000 (max. 500000)
 7 words of extra memory for PDF output out of 10000 (max. 10000000)

